Namespace(batch_size=1, concurrency=10, databaseName='TestDB1', endpoint='us-west-2', group_by_measure_name=True, hostScale=10, profile=None, tableName='BatchTbl1')
(Low precision) Dimensions for metrics: 10000
(Low precision) Dimensions for events: 12000
Using credentials from the environment
Connecting to timestream ingest in region:  us-west-2
Table Description:
{'Arn': 'arn:aws:timestream:us-west-2:572578100773:database/TestDB1/table/BatchTbl1',
 'CreationTime': datetime.datetime(2020, 12, 14, 1, 53, 40, 731000, tzinfo=tzlocal()),
 'DatabaseName': 'TestDB1',
 'LastUpdatedTime': datetime.datetime(2020, 12, 14, 1, 53, 40, 806000, tzinfo=tzlocal()),
 'RetentionProperties': {'MagneticStoreRetentionPeriodInDays': 10000,
                         'MemoryStoreRetentionPeriodInHours': 8000},
 'TableName': 'BatchTbl1',
 'TableStatus': 'ACTIVE'}
Starting ThreadId: 1
Starting ThreadId: 2
Starting ThreadId: 3
Starting ThreadId: 4
Starting ThreadId: 5
Starting ThreadId: 6
Starting ThreadId: 7
Starting ThreadId: 8
Starting ThreadId: 9
Starting ThreadId: 10
2. 100. 2020-12-14 02:07:27. RequestId: JNAE4HN7I7FUSU2CI6M3CVODVU. Time: 0.047.
8. 100. 2020-12-14 02:07:27. RequestId: DDVNJGVLZ7UM6CNNYS5CVLI2PY. Time: 0.045.
9. 100. 2020-12-14 02:07:27. RequestId: 6YQHXNVQ73TP7SLTYIOGDJPFVA. Time: 0.055.
3. 100. 2020-12-14 02:07:27. RequestId: J6DPL4MFXSO2LPPSHMA2V6SVNA. Time: 0.046.
10. 100. 2020-12-14 02:07:27. RequestId: PCVQ2EYDPOMCCVAFS7Z5AXRZN4. Time: 0.055.
1. 100. 2020-12-14 02:07:27. RequestId: 3LRL6HT3QFLPXHBCB4YTIWOWDU. Time: 0.049.
5. 100. 2020-12-14 02:07:27. RequestId: XELSHQJFF4V2ELXEM2HFFTPX4A. Time: 0.056.
6. 100. 2020-12-14 02:07:27. RequestId: MXI7NNXMO3NFKAAG473P76TG6I. Time: 0.105.
4. 100. 2020-12-14 02:07:27. RequestId: VGSWW5622YSNGBIWSICTI2W76Q. Time: 0.042.
7. 100. 2020-12-14 02:07:27. RequestId: OWU5CVB3N463OK4BZEN2OXJVPY. Time: 0.043.
10. 200. 2020-12-14 02:07:32. RequestId: 53CCPAFKTQ5H275GRO362NHGH4. Time: 0.039.
9. 200. 2020-12-14 02:07:32. RequestId: 6J44RFOJYBWH5BHTKP42FSZTCY. Time: 0.049.
5. 200. 2020-12-14 02:07:32. RequestId: ZCPSFGQSPBCPMPIG5B622OZX7M. Time: 0.039.
1. 200. 2020-12-14 02:07:32. RequestId: 5WCHH3AENRR7S5YVHSMUFX2GXU. Time: 0.048.
2. 200. 2020-12-14 02:07:32. RequestId: A7QI4U4UA3ZN6PI4N2TF74WWGQ. Time: 0.038.
3. 200. 2020-12-14 02:07:32. RequestId: 635OBFEFBGVCKCTNYHBNTMBABE. Time: 0.13.
6. 200. 2020-12-14 02:07:32. RequestId: WV2UJKLOKKACHFBW6DKI3UM42E. Time: 0.072.
7. 200. 2020-12-14 02:07:32. RequestId: C3BYQSDF2H2RNBPM7CZKQZETOY. Time: 0.071.
8. 200. 2020-12-14 02:07:32. RequestId: PC4WEUVYHMWFM5P7JCIL4QOYIU. Time: 0.053.
4. 200. 2020-12-14 02:07:32. RequestId: DGDGUHHWISMEID3Q4PNZLLCSZY. Time: 0.049.
6. 300. 2020-12-14 02:07:37. RequestId: POK4FW6YJS2XBR2N62UBFBFVD4. Time: 0.046.
9. 300. 2020-12-14 02:07:37. RequestId: N3QIGHJMNJ2O5UR7LKUNS3QQEM. Time: 0.048.
3. 300. 2020-12-14 02:07:37. RequestId: AS2UX6Y47ODF5HM2J3IEQKFAQU. Time: 0.064.
5. 300. 2020-12-14 02:07:37. RequestId: I3TOVQKWBO3MXAHCKZFNSQMDR4. Time: 0.039.
10. 300. 2020-12-14 02:07:37. RequestId: CPWYXSVA7QKQOAFIXU6BHR4BHA. Time: 0.063.
2. 300. 2020-12-14 02:07:38. RequestId: HO2IKT4LEKCOI72KBI2ID425JA. Time: 0.039.
1. 300. 2020-12-14 02:07:38. RequestId: 2UOAHD7VHX3Y4TPW647WDYTC4U. Time: 0.13.
7. 300. 2020-12-14 02:07:38. RequestId: U6SYLGSIODYIYLJWMOLGUQZUYM. Time: 0.057.
8. 300. 2020-12-14 02:07:38. RequestId: ICXZTBP5R7RJDAV5M6UYBTU5E4. Time: 0.044.
4. 300. 2020-12-14 02:07:38. RequestId: PS2BR6JJWASBE3C5X673M6NHPQ. Time: 0.044.
5. 400. 2020-12-14 02:07:42. RequestId: REITS2WW3XF33V6Z4QO5TV43KY. Time: 0.045.
9. 400. 2020-12-14 02:07:42. RequestId: RHNMSFX2LO2TZH55VCETM5O5ZU. Time: 0.049.
10. 400. 2020-12-14 02:07:42. RequestId: 2IWPTYPNCNJUPC6AHMAWMDW7BA. Time: 0.045.
3. 400. 2020-12-14 02:07:42. RequestId: XSXU77YSCZUA3VY4BPT45C633I. Time: 0.043.
8. 400. 2020-12-14 02:07:42. RequestId: 2ZCGV7RPCNVKC6HV53E34ZPIOQ. Time: 0.048.
2. 400. 2020-12-14 02:07:42. RequestId: YVV5BDTH3OUO6TG4OR6O242XLM. Time: 0.035.
6. 400. 2020-12-14 02:07:42. RequestId: TX4S2SNSZ5IC5JKBVSQCADJBMI. Time: 0.041.
7. 400. 2020-12-14 02:07:43. RequestId: UHTNHJWWL7MNEKI2UCBFVPJWZU. Time: 0.046.
1. 400. 2020-12-14 02:07:43. RequestId: B2MGOSOPFFNRW37BTIF2EANZOM. Time: 0.045.
4. 400. 2020-12-14 02:07:43. RequestId: TRXJUXSX4QB76VPYQ3WISMKNOY. Time: 0.04.
2. 500. 2020-12-14 02:07:47. RequestId: RG6J3RCTGMPEK4FZRDLA2QZ3CQ. Time: 0.048.
10. 500. 2020-12-14 02:07:48. RequestId: 5QGOVSINMXGNYACO33P555JT3M. Time: 0.041.
9. 500. 2020-12-14 02:07:48. RequestId: 65AXRUJ4IECKG2VB5JLJRZKXSI. Time: 0.045.
5. 500. 2020-12-14 02:07:48. RequestId: 5JQSJHTMC7OMTWR6QJZ4O7RZCQ. Time: 0.042.
3. 500. 2020-12-14 02:07:48. RequestId: RGBYLXDT7AILWGU6B4OM2BXI2Q. Time: 0.041.
6. 500. 2020-12-14 02:07:48. RequestId: WIBW6RMGOFMCRDKEE6KRHC2P4Q. Time: 0.051.
8. 500. 2020-12-14 02:07:48. RequestId: QKST6S3RFY5D5TQ7YZZLKPGEHY. Time: 0.049.
7. 500. 2020-12-14 02:07:48. RequestId: UECXUSY6XEDEURLJ3TAVMBJYTQ. Time: 0.044.
1. 500. 2020-12-14 02:07:48. RequestId: YT4DTUIUAYCOVGW6MFERCLRUIQ. Time: 0.04.
4. 500. 2020-12-14 02:07:48. RequestId: PYZKFRGVFW4QOAJINHAUD32NCQ. Time: 0.052.
10. 600. 2020-12-14 02:07:53. RequestId: CNFCMXHH7LR4JX3MBKYP6K6IYE. Time: 0.047.
2. 600. 2020-12-14 02:07:53. RequestId: BTA4XODVO354JNTETK4WHIPPQE. Time: 0.047.
5. 600. 2020-12-14 02:07:53. RequestId: 63CSJSY6OVYGPLCUYMMK6RU36Q. Time: 0.046.
6. 600. 2020-12-14 02:07:53. RequestId: VPLTFCTJWQRKHXBDP3Q6NK4OHM. Time: 0.054.
3. 600. 2020-12-14 02:07:53. RequestId: 3UEMEQGIFBJJSVC4XTYRP4Q5TQ. Time: 0.045.
9. 600. 2020-12-14 02:07:53. RequestId: ERXRO64XFWOWD6XYDM6GDTXRMI. Time: 0.045.
7. 600. 2020-12-14 02:07:53. RequestId: X6P5A7GEYJWQMZCE5UFW66IJLE. Time: 0.056.
8. 600. 2020-12-14 02:07:53. RequestId: U2HNY3I2FH7YGZIWX2L5BLGE4A. Time: 0.045.
1. 600. 2020-12-14 02:07:53. RequestId: K664WNTB4RUZR56YDY5TUAFFOA. Time: 0.047.
4. 600. 2020-12-14 02:07:53. RequestId: FICVNRT2Z43PHMWLZKO7YHJEYQ. Time: 0.052.
2. 700. 2020-12-14 02:07:58. RequestId: VIRRBMMR6Y7V2N7C4ECCKQPR3E. Time: 0.05.
5. 700. 2020-12-14 02:07:58. RequestId: 5PHZAOTIOAPCNXEJ6OC4D4R7QY. Time: 0.043.
10. 700. 2020-12-14 02:07:58. RequestId: 4H6WP3M44R4ZZ5NRAFQCIWHMZI. Time: 0.038.
3. 700. 2020-12-14 02:07:58. RequestId: UBHX5YFPDVOQGD5CSV2HFZZEKM. Time: 0.055.
9. 700. 2020-12-14 02:07:58. RequestId: HGBHABP3LRAW46MIQOJ2YYM7CA. Time: 0.041.
6. 700. 2020-12-14 02:07:58. RequestId: 5FDGADH23EJD2DT2O4XZ2QPA7U. Time: 0.101.
8. 700. 2020-12-14 02:07:58. RequestId: VHO2X2UO4MYEC5QH7SPYGQWTPU. Time: 0.052.
7. 700. 2020-12-14 02:07:58. RequestId: G7JQXE4CLCW63JIJGFNW5AJSWU. Time: 0.05.
1. 700. 2020-12-14 02:07:58. RequestId: HCGV3JNJIRYBO77LCYLRJKKZNQ. Time: 0.045.
4. 700. 2020-12-14 02:07:59. RequestId: IRRKMCIFETKWKAWAXCX2ARNTRU. Time: 0.051.
2. 800. 2020-12-14 02:08:03. RequestId: 2EDR7NDJ2SPRHXJYEYAAL5QLBQ. Time: 0.045.
5. 800. 2020-12-14 02:08:03. RequestId: G5CZXZYCECGC3QLH6FR4SWTNQA. Time: 0.053.
9. 800. 2020-12-14 02:08:03. RequestId: UPCNSID74X6QAAEQEJ6JHSEWTI. Time: 0.058.
3. 800. 2020-12-14 02:08:03. RequestId: EU5ZO6ZHIPAAJ4INCHKFHFMIPA. Time: 0.046.
8. 800. 2020-12-14 02:08:03. RequestId: LQQHWARG3BSNTN2SD34MM2WUO4. Time: 0.041.
10. 800. 2020-12-14 02:08:03. RequestId: UXCDCZSEUWXGZ3S5WHGCO57EQY. Time: 0.1.
6. 800. 2020-12-14 02:08:04. RequestId: LA5EWEXNZIGMRJKKEDPB4W53EE. Time: 0.054.
7. 800. 2020-12-14 02:08:04. RequestId: RPYKFFBJYPULDGIRP263LZFY2I. Time: 0.052.
4. 800. 2020-12-14 02:08:04. RequestId: 7UBCE7QHD2JD6FLUAFKC44X4XU. Time: 0.044.
1. 800. 2020-12-14 02:08:04. RequestId: CKK6KUSUEOK3Q3V2QD4AURASVE. Time: 0.043.
2. 900. 2020-12-14 02:08:08. RequestId: YADCWKR5SUISUTGDHDJLNHCV3A. Time: 0.05.
9. 900. 2020-12-14 02:08:08. RequestId: PHF2TBBB6APE3NE2PH7MSEL4BY. Time: 0.039.
5. 900. 2020-12-14 02:08:08. RequestId: W32VYYXJD6IPGMCK2DUJ3IQRRI. Time: 0.043.
8. 900. 2020-12-14 02:08:09. RequestId: XDDUOQLPFMNUZ23W77H4N7ATVY. Time: 0.054.
10. 900. 2020-12-14 02:08:09. RequestId: FTAQOIOJRXPQ4HDRWCKQ4U47CQ. Time: 0.038.
3. 900. 2020-12-14 02:08:09. RequestId: TRUKCKYUXGSI7KZD3QAPZSD36Y. Time: 0.045.
7. 900. 2020-12-14 02:08:09. RequestId: EVNXYELPSY7N4TEVXL6TVZ6JWE. Time: 0.05.
6. 900. 2020-12-14 02:08:09. RequestId: J72A4REVYPPWHRP2DLU4N2YHTA. Time: 0.04.
1. 900. 2020-12-14 02:08:09. RequestId: F6K5R6D6M6DNTRGXF6Q6IU6KOE. Time: 0.047../run.sh: line 40: 37713 Killed                  sudo pkill -9 -f python
./run.sh: line 41: 37672 Killed                  python ingest.py --database-name TestDB1 --table-name BatchTbl1 --endpoint us-west-2 -b 1 -g True
Namespace(batch_size=19, concurrency=10, databaseName='TestDB1', endpoint='us-west-2', group_by_measure_name=True, hostScale=10, profile=None, tableName='BatchTbl1')
(Low precision) Dimensions for metrics: 10000
(Low precision) Dimensions for events: 12000
Using credentials from the environment
Connecting to timestream ingest in region:  us-west-2
Table Description:
{'Arn': 'arn:aws:timestream:us-west-2:572578100773:database/TestDB1/table/BatchTbl1',
 'CreationTime': datetime.datetime(2020, 12, 14, 1, 53, 40, 731000, tzinfo=tzlocal()),
 'DatabaseName': 'TestDB1',
 'LastUpdatedTime': datetime.datetime(2020, 12, 14, 1, 53, 40, 806000, tzinfo=tzlocal()),
 'RetentionProperties': {'MagneticStoreRetentionPeriodInDays': 10000,
                         'MemoryStoreRetentionPeriodInHours': 8000},
 'TableName': 'BatchTbl1',
 'TableStatus': 'ACTIVE'}
Starting ThreadId: 1
Starting ThreadId: 2
Starting ThreadId: 3
Starting ThreadId: 4
Starting ThreadId: 5
Starting ThreadId: 6
Starting ThreadId: 7
Starting ThreadId: 8
Starting ThreadId: 9
Starting ThreadId: 10
5. 100. 2020-12-14 02:08:32. RequestId: 54BI2POCGLUTSQ7DIJVE3WJ5XU. Time: 0.05.
3. 100. 2020-12-14 02:08:32. RequestId: DYL2G2E3TWDWI7F7KIFKI3UHHA. Time: 0.05.
10. 100. 2020-12-14 02:08:32. RequestId: QCFANWTHZI3S3UGS2JCXKNQXXA. Time: 0.043.
4. 100. 2020-12-14 02:08:32. RequestId: 5L7RTA2AJ5ETFIVBXEHXI7T7ZY. Time: 0.07.
6. 100. 2020-12-14 02:08:32. RequestId: 7EJWYQOIMPKJZ3DJGJALBI3ZJY. Time: 0.097.
1. 100. 2020-12-14 02:08:32. RequestId: KY5EYGSCZHHRAQQHAORBDXY7EE. Time: 0.06.
9. 100. 2020-12-14 02:08:32. RequestId: 3NCD455454YKKTBMYM3GWYV5QM. Time: 0.048.
7. 100. 2020-12-14 02:08:32. RequestId: JXF2K3VVXDL5NN3PWMCHUQNAB4. Time: 0.048.
8. 100. 2020-12-14 02:08:32. RequestId: LUWLQZEEHNWOYLOEQBCSJXLL7Y. Time: 0.148.
2. 100. 2020-12-14 02:08:32. RequestId: BKHJEOMH5V6ZUUSKL2S6W4JK5Q. Time: 0.044.
5. 200. 2020-12-14 02:08:37. RequestId: SIFDVEZSTWX7JFTJH6ECPSI2CU. Time: 0.06.
3. 200. 2020-12-14 02:08:37. RequestId: PRCRBGBH3SQDJUII3DMYUMSC7I. Time: 0.052.
10. 200. 2020-12-14 02:08:37. RequestId: Y4472AYWMYKQI5LKTXMMEP6DA4. Time: 0.056.
9. 200. 2020-12-14 02:08:38. RequestId: S4HCKALTXXXVL5KRROBXYVN4FI. Time: 0.049.
6. 200. 2020-12-14 02:08:38. RequestId: UCWZOKRHFMLIMIUXF3JTRQMKMM. Time: 0.084.
4. 200. 2020-12-14 02:08:38. RequestId: 7MNQ7HSKRK7GHUWVT6PYYBVUQ4. Time: 0.041.
7. 200. 2020-12-14 02:08:38. RequestId: W47XM3FS4YOXYARPRWFU2N7J7M. Time: 0.076.
2. 200. 2020-12-14 02:08:38. RequestId: NJRETTH6HOM6H6YLBBUAVCYFYU. Time: 0.048.
8. 200. 2020-12-14 02:08:38. RequestId: AO6PCO3SNSSVSG3Q5DQEJF2MAI. Time: 0.052.
1. 200. 2020-12-14 02:08:38. RequestId: DBRZOGSKPLPYM4OAV5X2IP76IQ. Time: 0.047.
4. 300. 2020-12-14 02:08:43. RequestId: SL5II6VLLC2TYRUTSOZBBS7N2M. Time: 0.04.
5. 300. 2020-12-14 02:08:43. RequestId: DOVMEPLWIQFT5TLIFORLFHZAQM. Time: 0.038.
10. 300. 2020-12-14 02:08:43. RequestId: XMYGSLLPUC4EGMKCTCV2WWHTHA. Time: 0.05.
3. 300. 2020-12-14 02:08:43. RequestId: 3V7TQ5B2SNQHVIBJCZC7RGJJ6M. Time: 0.049.
7. 300. 2020-12-14 02:08:43. RequestId: GOVXHBQUBOBJ2GT2WMZL2RZUSI. Time: 0.047.
9. 300. 2020-12-14 02:08:43. RequestId: 43QVGXESOTDI6VAAQHEPSLV2EQ. Time: 0.05.
2. 300. 2020-12-14 02:08:43. RequestId: LLKTCIFXWDUBDFEMEAJ4VN2RXU. Time: 0.04.
6. 300. 2020-12-14 02:08:43. RequestId: R46WND3ZWO7RUL5HO3P7DSUU54. Time: 0.042.
8. 300. 2020-12-14 02:08:43. RequestId: RW7JAL35QWHLX5KPD5MQV4HOV4. Time: 0.039.
1. 300. 2020-12-14 02:08:43. RequestId: 2L43XQVK4KLSYVUT3OYNHSW43I. Time: 0.046.
4. 400. 2020-12-14 02:08:48. RequestId: R7WW3G5BFKXOTB4THXQAFAAESY. Time: 0.052.
10. 400. 2020-12-14 02:08:49. RequestId: 33FQQKVUVDOWVIQ7L6LZQTGMS4. Time: 0.061.
6. 400. 2020-12-14 02:08:49. RequestId: ONXIGITFHMDCBBGFH6JSMXTR2A. Time: 0.043.
3. 400. 2020-12-14 02:08:49. RequestId: BWGEFBFZLHXCZGXC5IJRZO745I. Time: 0.054.
9. 400. 2020-12-14 02:08:49. RequestId: MTV3UN36747SRW5OL6VD3IW4SA. Time: 0.064.
5. 400. 2020-12-14 02:08:49. RequestId: LXKW4C2VDGK56C46PSADQ7LVLE. Time: 0.054.
7. 400. 2020-12-14 02:08:49. RequestId: JC32PT7J7AG6KLN5TMFGE37JJ4. Time: 0.062.
2. 400. 2020-12-14 02:08:49. RequestId: 4EKIIRONQLXOCLXQ2TZCN4N2R4. Time: 0.059.
8. 400. 2020-12-14 02:08:49. RequestId: CJ2N453SBS72H5ZIZZ6FOBJFS4. Time: 0.047.
1. 400. 2020-12-14 02:08:49. RequestId: U4GVZOHHSYHNQ5YPQHEISB6XSU. Time: 0.055.
6. 500. 2020-12-14 02:08:54. RequestId: HFOMMV7K6ATVQZEBUUL2MQUVMY. Time: 0.046.
10. 500. 2020-12-14 02:08:54. RequestId: NFLROK6CBQPCQDIQHTBUYATLJA. Time: 0.047.
7. 500. 2020-12-14 02:08:54. RequestId: 4M5FEJ46PERE363D5H6KP2NTNU. Time: 0.073.
4. 500. 2020-12-14 02:08:54. RequestId: IYCRTXF5S3EIUJXL72YS6D6KRU. Time: 0.065.
8. 500. 2020-12-14 02:08:54. RequestId: ONE2UYK2CJMSV5BWQ2PAGKHKU4. Time: 0.04.
9. 500. 2020-12-14 02:08:54. RequestId: 7MF5YZ6SL6IYJYHKXYLYVXGOMM. Time: 0.04.
1. 500. 2020-12-14 02:08:55. RequestId: AW7CBBBKRYTXVIH556LNMUAIUE. Time: 0.104.
3. 500. 2020-12-14 02:08:55. RequestId: ZU5QOROR5PZK24Y2WYZTROSNQ4. Time: 0.042.
5. 500. 2020-12-14 02:08:55. RequestId: SOSJDQUVAY46UYF47RA7S4I3KE. Time: 0.047.
2. 500. 2020-12-14 02:08:55. RequestId: GRPT4LEODJGCHZKEJ5DONUP6UQ. Time: 0.042.
6. 600. 2020-12-14 02:09:00. RequestId: Q2HFIT7MIDBYKEOS7ZI5F33HQY. Time: 0.047.
10. 600. 2020-12-14 02:09:00. RequestId: KKDIBA6LEQX6GNRE3DMADZSK5I. Time: 0.043.
7. 600. 2020-12-14 02:09:00. RequestId: GYJCAES5H5OLHA4BNOD5KFQCSA. Time: 0.058.
4. 600. 2020-12-14 02:09:00. RequestId: 5F2OW2GDOWJLBAYA6DHMBC5324. Time: 0.056.
3. 600. 2020-12-14 02:09:00. RequestId: H3Z2JLCTZDCZN6QTEUY2U35VAY. Time: 0.045.
1. 600. 2020-12-14 02:09:00. RequestId: S7IRXVTF33KUOMGGJOF2Z3LQZY. Time: 0.08.
9. 600. 2020-12-14 02:09:00. RequestId: KSTVJW3JLXR5U6NCNWDX27OLXI. Time: 0.044.
8. 600. 2020-12-14 02:09:00. RequestId: RLCSC5UE3GWOXOAHEFPCPJQTNM. Time: 0.061.
5. 600. 2020-12-14 02:09:00. RequestId: S6BF4GNOKQF4KEQKHBY6FKR4DA. Time: 0.057.
2. 600. 2020-12-14 02:09:00. RequestId: QQD6KFB6JFCLEZHOZIUTLEPGUA. Time: 0.049.
6. 700. 2020-12-14 02:09:05. RequestId: ZDPLFNG6PYECP4JS3RBOCB24UA. Time: 0.04.
7. 700. 2020-12-14 02:09:05. RequestId: VRZVCTRBPXUZUHEC7CSRFTTNJM. Time: 0.039.
10. 700. 2020-12-14 02:09:05. RequestId: BRA66GVBW56WRSQP4TQCLW33EI. Time: 0.048.
2. 700. 2020-12-14 02:09:06. RequestId: 5OL36SGMUHHY4ZGKBRQ3CGKUFU. Time: 0.046.
3. 700. 2020-12-14 02:09:06. RequestId: WOHEIK5R3JMU5HGCSLPXIXHDAU. Time: 0.113.
8. 700. 2020-12-14 02:09:06. RequestId: MD5X5JFXTKWNIR66PWHCJURTUQ. Time: 0.046.
5. 700. 2020-12-14 02:09:06. RequestId: HAJ3XEATTSZ2RJL32ZV4DQIQHA. Time: 0.041.
9. 700. 2020-12-14 02:09:06. RequestId: XBV3M7XMZNAN4KZHOAQBSFE2L4. Time: 0.056.
4. 700. 2020-12-14 02:09:06. RequestId: CJDDEL2FSN6GL3XMVWRXMICRNQ. Time: 0.048.
1. 700. 2020-12-14 02:09:06. RequestId: 5EX5NQHKB4SU46AWEZO2S3XNMM. Time: 0.161.
6. 800. 2020-12-14 02:09:11. RequestId: 26FKUJQG4HP6C47SJRDIZ2VFDA. Time: 0.042.
7. 800. 2020-12-14 02:09:11. RequestId: JAI2BUQXF7RCTVVXI4MJS6EJR4. Time: 0.041.
10. 800. 2020-12-14 02:09:11. RequestId: 2M4UH5FVGIJVUBJQRWZT5CLT54. Time: 0.053.
2. 800. 2020-12-14 02:09:11. RequestId: ZOULGTQD7DRMMN2XBQNBZHMZWM. Time: 0.045.
8. 800. 2020-12-14 02:09:11. RequestId: VB2KIPMHY3EFINAGOIIMHO3PLA. Time: 0.082.
3. 800. 2020-12-14 02:09:11. RequestId: GJIQ23XOKYFD4BWFZLTH5BJT5M. Time: 0.054.
5. 800. 2020-12-14 02:09:11. RequestId: AB6C4SNIDKJ7HMBXZCKS57S7DM. Time: 0.049.
9. 800. 2020-12-14 02:09:11. RequestId: SQ33O744J3R4I4B7YBPPYMEIJ4. Time: 0.063.
4. 800. 2020-12-14 02:09:11. RequestId: EXXYAWTD74ZCV752RQIYKXSLJY. Time: 0.067.
1. 800. 2020-12-14 02:09:11. RequestId: 5FMYZZ56QWCWKOMKA6BCOWW2I4. Time: 0.051.
6. 900. 2020-12-14 02:09:16. RequestId: 4PSH5QC2OTTQM2EI6IGLJJW5CI. Time: 0.048.
7. 900. 2020-12-14 02:09:16. RequestId: M63XF7U5EJJXU76HZ5MKOGLBV4. Time: 0.044.
10. 900. 2020-12-14 02:09:16. RequestId: P3P7Q72S7VBYXTRJ655SLQMBNM. Time: 0.049.
8. 900. 2020-12-14 02:09:17. RequestId: NOUI5JWSHRQCUIHZTNWLVIHZYU. Time: 0.046.
2. 900. 2020-12-14 02:09:17. RequestId: KQLVOJRSXD6V4O5VFRHK7SVBQU. Time: 0.051.
3. 900. 2020-12-14 02:09:17. RequestId: 36Q7ZATUC7IIL4UOALV3K7RFKU. Time: 0.045.
5. 900. 2020-12-14 02:09:17. RequestId: EBA2CP6BF5J53JJKDITC3SQFLA. Time: 0.048.
1. 900. 2020-12-14 02:09:17. RequestId: XSNQSWMAUWKJMO5B54JVL4G7YE. Time: 0.058.
4. 900. 2020-12-14 02:09:17. RequestId: R23PBOMNYBQ5U3AJJXUUZI4U5E. Time: 0.052../run.sh: line 45: 37751 Killed                  sudo pkill -9 -f python
./run.sh: line 46: 37718 Killed                  python ingest.py --database-name TestDB1 --table-name BatchTbl1 --endpoint us-west-2 -b 19 -g True
Namespace(batch_size=20, concurrency=10, databaseName='TestDB1', endpoint='us-west-2', group_by_measure_name=True, hostScale=10, profile=None, tableName='BatchTbl1')
(Low precision) Dimensions for metrics: 10000
(Low precision) Dimensions for events: 12000
Using credentials from the environment
Connecting to timestream ingest in region:  us-west-2
Table Description:
{'Arn': 'arn:aws:timestream:us-west-2:572578100773:database/TestDB1/table/BatchTbl1',
 'CreationTime': datetime.datetime(2020, 12, 14, 1, 53, 40, 731000, tzinfo=tzlocal()),
 'DatabaseName': 'TestDB1',
 'LastUpdatedTime': datetime.datetime(2020, 12, 14, 1, 53, 40, 806000, tzinfo=tzlocal()),
 'RetentionProperties': {'MagneticStoreRetentionPeriodInDays': 10000,
                         'MemoryStoreRetentionPeriodInHours': 8000},
 'TableName': 'BatchTbl1',
 'TableStatus': 'ACTIVE'}
Starting ThreadId: 1
Starting ThreadId: 2
Starting ThreadId: 3
Starting ThreadId: 4
Starting ThreadId: 5
Starting ThreadId: 6
Starting ThreadId: 7
Starting ThreadId: 8
Starting ThreadId: 9
Starting ThreadId: 10
1. 100. 2020-12-14 02:09:37. RequestId: M63JBIFPWXBBIOHHKGFUKQPWQE. Time: 0.051.
8. 100. 2020-12-14 02:09:37. RequestId: PAUSSH2FF5PGQDHRBVCVYGOWRI. Time: 0.053.
7. 100. 2020-12-14 02:09:37. RequestId: YFLGBFHK2KVF6OZPPWS7V2UWYE. Time: 0.049.
4. 100. 2020-12-14 02:09:38. RequestId: LPEOBTQHQT6XUKLZQWBG4I42JQ. Time: 0.119.
3. 100. 2020-12-14 02:09:38. RequestId: 6VYOJA6M36DDCR25TT4UUQM6AM. Time: 0.046.
10. 100. 2020-12-14 02:09:38. RequestId: W3SFYVLG45IKWUAFGL64S4VLQU. Time: 0.046.
5. 100. 2020-12-14 02:09:38. RequestId: UJWN6IBHZITT32AKSEUKE4OUGI. Time: 0.076.
9. 100. 2020-12-14 02:09:38. RequestId: QBEVBSKMMG2JKSRIO7KMZN4OFE. Time: 0.04.
2. 100. 2020-12-14 02:09:38. RequestId: 55FUDZVZGQWRB66PS4MR42S6G4. Time: 0.049.
6. 100. 2020-12-14 02:09:38. RequestId: WCJ2KKZMN56JUOW7OXTKPNFOHM. Time: 0.053.
8. 200. 2020-12-14 02:09:43. RequestId: E6LK54QU76DHEGO2WLTWFSZS34. Time: 0.076.
1. 200. 2020-12-14 02:09:43. RequestId: G7RVCE6ZY53XKQV4WWHCZU2VHQ. Time: 0.045.
4. 200. 2020-12-14 02:09:43. RequestId: XBAHTAHGTTRSKVH4QM7Q4GPTIM. Time: 0.051.
7. 200. 2020-12-14 02:09:43. RequestId: JB4FOWWN3XSVM7M75GDAPNSF3E. Time: 0.055.
9. 200. 2020-12-14 02:09:43. RequestId: PYDYYFWMMSE4TFBWFV7JBQWNVE. Time: 0.072.
5. 200. 2020-12-14 02:09:43. RequestId: L4UW76LYPXVKX2WREGBCHCIZEU. Time: 0.094.
10. 200. 2020-12-14 02:09:43. RequestId: DQAUJDALMEQUWPVTDG2QZLULK4. Time: 0.128.
2. 200. 2020-12-14 02:09:43. RequestId: 2PHLWFWNHQMKZEFSGQUWOLK7TY. Time: 0.049.
3. 200. 2020-12-14 02:09:43. RequestId: WWMXUAKEYLEUX7LBKBIZLEFQ5Q. Time: 0.045.
6. 200. 2020-12-14 02:09:43. RequestId: RDMEDA73MF7UDGDKDDYIFWQSVQ. Time: 0.051.
8. 300. 2020-12-14 02:09:48. RequestId: DVPO4C6UOULAYQGD4I4CAJI54I. Time: 0.051.
1. 300. 2020-12-14 02:09:48. RequestId: LQXLLR2XAQUHPH64FFA2ACEWAI. Time: 0.056.
7. 300. 2020-12-14 02:09:49. RequestId: 3EOIFDSX4CVQGWTHE2PU7B3LME. Time: 0.057.
4. 300. 2020-12-14 02:09:49. RequestId: CLC2I6XPXJ5CSBLJI3P3UZDJXQ. Time: 0.059.
2. 300. 2020-12-14 02:09:49. RequestId: 6JNO3GBNMBGKAOA2RS5SYMLV4A. Time: 0.045.
10. 300. 2020-12-14 02:09:49. RequestId: F66E5LYGZXPFCMW4BICYXQRFZU. Time: 0.084.
5. 300. 2020-12-14 02:09:49. RequestId: FPAZY4YQVFS24ZAOFJE7FEGVH4. Time: 0.074.
3. 300. 2020-12-14 02:09:49. RequestId: GMBPELKGQBARKLFKA2O2XQYEFM. Time: 0.107.
9. 300. 2020-12-14 02:09:49. RequestId: SEYPCECIPGHHRLAXVGFHNP43B4. Time: 0.045.
6. 300. 2020-12-14 02:09:49. RequestId: MS3Q5WM2PTE5LY4SKLY7SAUPQM. Time: 0.055.
4. 400. 2020-12-14 02:09:54. RequestId: PC3DI7KY7V5BGQ2ZYAKDJF2UU4. Time: 0.057.
7. 400. 2020-12-14 02:09:54. RequestId: RSUVEZ6M5NSZ4TR7FCKFBWCNOY. Time: 0.059.
1. 400. 2020-12-14 02:09:54. RequestId: 4UVR47GA2OYY6W7KIXXAJPBUKI. Time: 0.038.
8. 400. 2020-12-14 02:09:54. RequestId: O42LR5JN7E3ISLU2KXHMTSWAAQ. Time: 0.041.
5. 400. 2020-12-14 02:09:54. RequestId: NBZZCJ2DPDFUDAGUEN3QGO577Y. Time: 0.044.
2. 400. 2020-12-14 02:09:54. RequestId: YNYXE2VQC3BMIWRXVJ47QHNM54. Time: 0.048.
10. 400. 2020-12-14 02:09:54. RequestId: ZHWFAHCGUFVRECEIYMMOCH3XUY. Time: 0.05.
3. 400. 2020-12-14 02:09:54. RequestId: NM5G666ZAQIMHNQZKZDREI7DVU. Time: 0.045.
9. 400. 2020-12-14 02:09:54. RequestId: PLPVVVH3PUNQRKZRIBRNGTLRCQ. Time: 0.053.
6. 400. 2020-12-14 02:09:54. RequestId: UMR63BXU7J7EVBDQKDO2BFMDGM. Time: 0.067.
4. 500. 2020-12-14 02:10:00. RequestId: VM4AJVB5DCZAQO65INT5NDRENQ. Time: 0.042.
7. 500. 2020-12-14 02:10:00. RequestId: IFK75LTYLCU6ENRDS7ULZCNTJU. Time: 0.051.
8. 500. 2020-12-14 02:10:00. RequestId: JULBXSDOXBHLTQ7NR6XR5DMGUQ. Time: 0.051.
3. 500. 2020-12-14 02:10:00. RequestId: 36JDAKWIWMWOCZ2WXTCTNLRBW4. Time: 0.04.
5. 500. 2020-12-14 02:10:00. RequestId: VWXTGMZS6YXQY5TNKDKLO33FK4. Time: 0.085.
1. 500. 2020-12-14 02:10:00. RequestId: MYKLMHF24FG6665CVSUDNSLNIU. Time: 0.046.
2. 500. 2020-12-14 02:10:00. RequestId: OQF5JXUY6JN4MB2GZLOFZYODBI. Time: 0.053.
10. 500. 2020-12-14 02:10:00. RequestId: ZEQOSSRV7ZV74QVCW7GKFLNAYQ. Time: 0.046.
9. 500. 2020-12-14 02:10:00. RequestId: ZRUIEC4B3EIYJQSAY5JR6LYAWQ. Time: 0.056.
6. 500. 2020-12-14 02:10:00. RequestId: CZEEY2LQQEXGOGH55OZDACKKZI. Time: 0.122.
7. 600. 2020-12-14 02:10:05. RequestId: SQHNTWV7DTSNXS5YAMAM5I447M. Time: 0.048.
2. 600. 2020-12-14 02:10:05. RequestId: ZIHIRPTYOENOQE2AVBKNZ2QKFY. Time: 0.042.
8. 600. 2020-12-14 02:10:06. RequestId: 2GIRJP6HDOPWVKISSBOSQKZK3Y. Time: 0.089.
4. 600. 2020-12-14 02:10:06. RequestId: 6COYZ22O3BPG6IBM7MJR4JJTCI. Time: 0.058.
3. 600. 2020-12-14 02:10:06. RequestId: H5IEKSGRUA232ZRQZ7ACIPFHUA. Time: 0.04.
5. 600. 2020-12-14 02:10:06. RequestId: SBHNB6XDCLCYXR6DL63HTDAFDY. Time: 0.041.
1. 600. 2020-12-14 02:10:06. RequestId: 4BLV3UYTXW7KTAASCWICC7OW5E. Time: 0.041.
6. 600. 2020-12-14 02:10:06. RequestId: ZN5GHUR6RG4EVPBEFGE3ZGWFZU. Time: 0.041.
10. 600. 2020-12-14 02:10:06. RequestId: PNHDLNIBJ6JIXC6INOYECN7ESE. Time: 0.054.
9. 600. 2020-12-14 02:10:06. RequestId: JFG3TBWZP4B7P44QMOSGXRAWN4. Time: 0.06.
5. 700. 2020-12-14 02:10:11. RequestId: FTCF2DA6BUWM2I5SDIDCSLCTMU. Time: 0.048.
8. 700. 2020-12-14 02:10:11. RequestId: 6VE6DVC4V4SCCMPJGXXMU5BGKM. Time: 0.042.
7. 700. 2020-12-14 02:10:11. RequestId: T4IRXQBD5EN2F2VHJ5ZWI7P5KU. Time: 0.045.
3. 700. 2020-12-14 02:10:11. RequestId: GYW7GKBPPZBOWHOIDXZARYQAQI. Time: 0.061.
4. 700. 2020-12-14 02:10:11. RequestId: 3JFIYMNO73XMSBQUOO2CXX622A. Time: 0.04.
2. 700. 2020-12-14 02:10:11. RequestId: ZKB6C23EE4PN4MB3VQIWYVVEHA. Time: 0.045.
10. 700. 2020-12-14 02:10:11. RequestId: 3ZDB4N7R4MLOKJV5GQDYXWFRDA. Time: 0.046.
6. 700. 2020-12-14 02:10:11. RequestId: SHBQ4SLLPC2H5KGTX6SMIAVCYM. Time: 0.047.
1. 700. 2020-12-14 02:10:11. RequestId: W24RASOQREHFXNF6DLCZUMIWGY. Time: 0.046.
9. 700. 2020-12-14 02:10:11. RequestId: CSXCDRQIYHGLZMBUWBXGVFE2RY. Time: 0.041.
8. 800. 2020-12-14 02:10:16. RequestId: NDQPPJJKRF3XGK5XMWFV4UB22M. Time: 0.047.
5. 800. 2020-12-14 02:10:17. RequestId: 6TWYAODH5N5HASCFJQYLOX6WNI. Time: 0.044.
2. 800. 2020-12-14 02:10:17. RequestId: 5CYSX7L544V54ETP2MGOL6RO6A. Time: 0.06.
4. 800. 2020-12-14 02:10:17. RequestId: 6YG54I5G34RLAB5VXEDATOL2W4. Time: 0.042.
7. 800. 2020-12-14 02:10:17. RequestId: HZYCQBT5GTEFEJVM7G5FZBKZGY. Time: 0.047.
3. 800. 2020-12-14 02:10:17. RequestId: TAHTOVDE6IOUJAKBRYZT7D7GZI. Time: 0.045.
6. 800. 2020-12-14 02:10:17. RequestId: GLKPGKNXOIPGCODYKPLHXMD6U4. Time: 0.061.
1. 800. 2020-12-14 02:10:17. RequestId: XBXOTKTHTU654UCB4JBL3QPYP4. Time: 0.048.
10. 800. 2020-12-14 02:10:17. RequestId: 4JZ7TNUVFKZ5GG7CM2D266SRUI. Time: 0.074.
9. 800. 2020-12-14 02:10:17. RequestId: TW2FEH6UTXRNVFVDFQ7P2RH6UI. Time: 0.052.
8. 900. 2020-12-14 02:10:22. RequestId: EJ6HLDWNEY433MPTTJ2J3HA2YQ. Time: 0.045.
5. 900. 2020-12-14 02:10:22. RequestId: AIWHPBU3KJPLKSNXJYCWMDZ2KI. Time: 0.047.
7. 900. 2020-12-14 02:10:22. RequestId: B3S3UDD5MYUWWCDRHV5HYV6UKU. Time: 0.051.
2. 900. 2020-12-14 02:10:22. RequestId: VVARUK35GBX4GEZ3N55DAJNKIE. Time: 0.053.
3. 900. 2020-12-14 02:10:22. RequestId: KBSU5GXNPR6XSAIVN4CCQDKFBI. Time: 0.046.
6. 900. 2020-12-14 02:10:22. RequestId: OHPVXCSFVILMIXQECC22KEFNAU. Time: 0.046.
4. 900. 2020-12-14 02:10:22. RequestId: JXIBRS7UQKKCML2IS5XBVKBZBY. Time: 0.052.
1. 900. 2020-12-14 02:10:22. RequestId: Y7WFKJVOLCASAMPQEKC6I5QUDQ. Time: 0.04.
10. 900. 2020-12-14 02:10:23. RequestId: JWBEOY2YPZX5URP7RILVCVYYZA. Time: 0.046../run.sh: line 50: 37787 Killed                  sudo pkill -9 -f python
./run.sh: line 51: 37755 Killed                  python ingest.py --database-name TestDB1 --table-name BatchTbl1 --endpoint us-west-2 -b 20 -g True
Namespace(batch_size=21, concurrency=10, databaseName='TestDB1', endpoint='us-west-2', group_by_measure_name=True, hostScale=10, profile=None, tableName='BatchTbl1')
(Low precision) Dimensions for metrics: 10000
(Low precision) Dimensions for events: 12000
Using credentials from the environment
Connecting to timestream ingest in region:  us-west-2
Table Description:
{'Arn': 'arn:aws:timestream:us-west-2:572578100773:database/TestDB1/table/BatchTbl1',
 'CreationTime': datetime.datetime(2020, 12, 14, 1, 53, 40, 731000, tzinfo=tzlocal()),
 'DatabaseName': 'TestDB1',
 'LastUpdatedTime': datetime.datetime(2020, 12, 14, 1, 53, 40, 806000, tzinfo=tzlocal()),
 'RetentionProperties': {'MagneticStoreRetentionPeriodInDays': 10000,
                         'MemoryStoreRetentionPeriodInHours': 8000},
 'TableName': 'BatchTbl1',
 'TableStatus': 'ACTIVE'}
Starting ThreadId: 1
Starting ThreadId: 2
Starting ThreadId: 3
Starting ThreadId: 4
Starting ThreadId: 5
Starting ThreadId: 6
Starting ThreadId: 7
Starting ThreadId: 8
Starting ThreadId: 9
Starting ThreadId: 10
1. 100. 2020-12-14 02:10:42. RequestId: BLW7NY4MUPMK746DL6AL4MK57Q. Time: 0.041.
3. 100. 2020-12-14 02:10:42. RequestId: RSK2EFQ5ENJ6XLAODXAJJVFT3Y. Time: 0.056.
6. 100. 2020-12-14 02:10:43. RequestId: 2Z75YWMCG76JMQ25POYH4KJCZQ. Time: 0.051.
8. 100. 2020-12-14 02:10:43. RequestId: 44OFUVG2IBV7EX3YA63VYU6D4U. Time: 0.065.
4. 100. 2020-12-14 02:10:43. RequestId: KDCFPVRG6N7O4GSJ4AEXE6YK6A. Time: 0.046.
9. 100. 2020-12-14 02:10:43. RequestId: IEULIYWX7G2EJL7U5V5IGDSBBQ. Time: 0.049.
7. 100. 2020-12-14 02:10:43. RequestId: SOR5OCB7LQBM4IOUH2KU3ZECIU. Time: 0.063.
2. 100. 2020-12-14 02:10:43. RequestId: 6G4FQEDXKRWCCX63GVF3UAFHC4. Time: 0.102.
5. 100. 2020-12-14 02:10:43. RequestId: PV5LM3OWATVCP65MRXJWNFKOMM. Time: 0.063.
10. 100. 2020-12-14 02:10:43. RequestId: QGDPFBGQZI6MOAZRDFAMPCHFOQ. Time: 0.11.
3. 200. 2020-12-14 02:10:48. RequestId: XKIB2L24TYRSIKF6OIDZEO7ABM. Time: 0.057.
9. 200. 2020-12-14 02:10:48. RequestId: FLBUP4KCXPPMG7JWVI6RLNZOEQ. Time: 0.061.
1. 200. 2020-12-14 02:10:48. RequestId: UJCJMMM77VWJ4V2SL5DIF5M5KI. Time: 0.048.
4. 200. 2020-12-14 02:10:48. RequestId: XHRSVDEE2VT6IBMXMU647263NQ. Time: 0.055.
2. 200. 2020-12-14 02:10:48. RequestId: O3CHDQEWZ27YSKINKLM7BE47HI. Time: 0.041.
6. 200. 2020-12-14 02:10:48. RequestId: 5L2GAQMW6NJT4OAGHCCXDBFOGE. Time: 0.05.
10. 200. 2020-12-14 02:10:48. RequestId: UBTKATYDWAVRQLHIMGWMC3LEOU. Time: 0.052.
8. 200. 2020-12-14 02:10:48. RequestId: OWAGH2FZJKAAANKOE3FEYCYOXY. Time: 0.053.
7. 200. 2020-12-14 02:10:49. RequestId: SV3Z3GF2TVFTOZPN5WQBMW7JLM. Time: 0.054.
5. 200. 2020-12-14 02:10:49. RequestId: 5WKGUIGRG22BEFJNR73ZJP6DX4. Time: 0.05.
3. 300. 2020-12-14 02:10:54. RequestId: 4PGF35GH2VXJVLVYN6KJQBTUCY. Time: 0.049.
4. 300. 2020-12-14 02:10:54. RequestId: CZG76T3D5FL6C2MUQGKPX5HJTE. Time: 0.051.
1. 300. 2020-12-14 02:10:54. RequestId: QYIWI3XTTDLG3LSRF7TB6OBUTU. Time: 0.047.
9. 300. 2020-12-14 02:10:54. RequestId: VKV23TXVU36TWBA6EGR3M5FSGM. Time: 0.049.
6. 300. 2020-12-14 02:10:54. RequestId: JKX56JYMTT4MJLI4DUGOIC6HVY. Time: 0.039.
2. 300. 2020-12-14 02:10:54. RequestId: FMLRRVFJJFBR5G4MB56NQRIAVE. Time: 0.062.
8. 300. 2020-12-14 02:10:54. RequestId: 3BSDQNMTELGCZA6AMON4FTM6PM. Time: 0.053.
10. 300. 2020-12-14 02:10:54. RequestId: NZ74TY372JKYVR66VMQ4LJDB6Q. Time: 0.05.
5. 300. 2020-12-14 02:10:54. RequestId: 5JTD3HCWHVASZKJOQPRAFCNTZQ. Time: 0.048.
7. 300. 2020-12-14 02:10:54. RequestId: W5JJ6S6VYG65WCEK5HINWK4WRA. Time: 0.049.
3. 400. 2020-12-14 02:10:59. RequestId: ZVWN4TZMJEMEYB5LGZMMSHRHAA. Time: 0.048.
6. 400. 2020-12-14 02:10:59. RequestId: WELO4Q2FNARQ5EFGO76ZYK5L7E. Time: 0.062.
9. 400. 2020-12-14 02:10:59. RequestId: 4VAXGGIFBXWAF3UUAGVD7QBPAY. Time: 0.082.
4. 400. 2020-12-14 02:10:59. RequestId: AYEJKUJINDEMNHUZZC6EHFSR4Y. Time: 0.038.
1. 400. 2020-12-14 02:10:59. RequestId: NWIVSPK73CDAXGNJD25BMW7L4U. Time: 0.047.
8. 400. 2020-12-14 02:11:00. RequestId: 3L3TZE2GQJN6Q3HXZPSU5JLMAU. Time: 0.046.
2. 400. 2020-12-14 02:11:00. RequestId: ZSZ3KR4ET7EYPSGF4GQPEF23MM. Time: 0.045.
10. 400. 2020-12-14 02:11:00. RequestId: SDV3PYMLH4D7LKRLGGYI65F4WU. Time: 0.05.
7. 400. 2020-12-14 02:11:00. RequestId: X27XXJJ4FCR6PJV6T3DDSXVGQQ. Time: 0.043.
5. 400. 2020-12-14 02:11:00. RequestId: 7MW3XDLQVPFJ4GN766CL2YPAWQ. Time: 0.054.
3. 500. 2020-12-14 02:11:05. RequestId: HTFLT6MZIMKWHGGFYLKTUXQ6GU. Time: 0.052.
6. 500. 2020-12-14 02:11:05. RequestId: FDMBOQNETNI5ZKASEZYRTLLSEI. Time: 0.046.
9. 500. 2020-12-14 02:11:05. RequestId: H4GV3OS6GDLJLKTCNLONN4L6FY. Time: 0.052.
4. 500. 2020-12-14 02:11:05. RequestId: IRNPMRDFRISKS5D4NUBLP7FXZE. Time: 0.044.
8. 500. 2020-12-14 02:11:05. RequestId: IB3DKKL6PDAOHGRVF2PDAZVORU. Time: 0.051.
1. 500. 2020-12-14 02:11:05. RequestId: UF2FSTVMHPS2MGDBWNRPW2XJZI. Time: 0.044.
2. 500. 2020-12-14 02:11:06. RequestId: FX53ZRTBOOC23YWO7647K2CNLQ. Time: 0.063.
5. 500. 2020-12-14 02:11:06. RequestId: 5USN6YLG3LS2KYNVTVNQTR4ZJI. Time: 0.048.
7. 500. 2020-12-14 02:11:06. RequestId: EQSL7OMR5CO3LOL2LWAAD2EXIE. Time: 0.102.
10. 500. 2020-12-14 02:11:06. RequestId: RWCUJNGLAG5RHKZ77BAFQW4ZG4. Time: 0.042.
3. 600. 2020-12-14 02:11:11. RequestId: TZFQAIW22GC7QGMBYCBEPCUU5A. Time: 0.045.
6. 600. 2020-12-14 02:11:11. RequestId: GG6AMLLENBZ477YDMJLNTLXLDE. Time: 0.047.
8. 600. 2020-12-14 02:11:11. RequestId: HV3OBGHLWAZQ4WUXVLLFTWN4EA. Time: 0.062.
1. 600. 2020-12-14 02:11:11. RequestId: A3VHCDXAGOL5DU6Y3YZHRW5T7M. Time: 0.057.
9. 600. 2020-12-14 02:11:11. RequestId: C74EBDKQWBN6B772H6JWP5UJLY. Time: 0.065.
4. 600. 2020-12-14 02:11:11. RequestId: CFXUJBB56CHRMNTPUECMZDBFCI. Time: 0.106.
10. 600. 2020-12-14 02:11:11. RequestId: ZIQUPXUINDO73TBHIX6D6S7XDA. Time: 0.051.
5. 600. 2020-12-14 02:11:12. RequestId: H5KKY25FYU7EPF57YJTKY5L4TI. Time: 0.066.
7. 600. 2020-12-14 02:11:12. RequestId: RDXFLEBXN32CJATBKU4YQE54IY. Time: 0.045.
2. 600. 2020-12-14 02:11:12. RequestId: KC25B6WP6GVLJKUCO5CED5USLU. Time: 0.065.
3. 700. 2020-12-14 02:11:16. RequestId: 2EEYGG7HYPSJVZBJPQKKDWR2EM. Time: 0.041.
6. 700. 2020-12-14 02:11:17. RequestId: 4CJUX47AOMDPQAAFPYQDYT4JCU. Time: 0.058.
8. 700. 2020-12-14 02:11:17. RequestId: N67BEBUXLP6RUG4XTDYQXXK7K4. Time: 0.038.
1. 700. 2020-12-14 02:11:17. RequestId: FFLEQ3LIE7PQ6NYKQ4SOYB4LE4. Time: 0.065.
4. 700. 2020-12-14 02:11:17. RequestId: 7LP6ICHQCLWV23FWJGKFEUFIBU. Time: 0.063.
9. 700. 2020-12-14 02:11:17. RequestId: GIHFWQLSFNVKZTMRFQVAYDRWIY. Time: 0.077.
2. 700. 2020-12-14 02:11:17. RequestId: CWYBDSOKO5MGXUNYR5HVCKASIQ. Time: 0.056.
10. 700. 2020-12-14 02:11:17. RequestId: ONY5WBAVW3JH4PRW4GXMS4YMKE. Time: 0.056.
5. 700. 2020-12-14 02:11:17. RequestId: CJ3TTCWOX5TZ52665XAXOXZRAE. Time: 0.087.
7. 700. 2020-12-14 02:11:17. RequestId: QTMIUDH6RCGCFFUGVLW6NNTGFE. Time: 0.05.
3. 800. 2020-12-14 02:11:22. RequestId: DFVCWSXCWEHQHQZZAHBYXQYSUA. Time: 0.061.
6. 800. 2020-12-14 02:11:22. RequestId: AZ4VDK7JPJJZK7DON5QQFQTNAM. Time: 0.05.
1. 800. 2020-12-14 02:11:22. RequestId: JBA7PBR2UOIFXNQS7JGD7FSMIA. Time: 0.045.
4. 800. 2020-12-14 02:11:22. RequestId: JORCSCHXDVLEPZGZA3NZ3R2FME. Time: 0.049.
2. 800. 2020-12-14 02:11:23. RequestId: KZPITINTSSINZ7TW2WBN2XJSIQ. Time: 0.048.
8. 800. 2020-12-14 02:11:23. RequestId: 5SS4ZFTGCMQXMFJQOC5K6S7TVU. Time: 0.099.
9. 800. 2020-12-14 02:11:23. RequestId: WG3I2OQDAKJCR5T5GKGMBKM7JM. Time: 0.049.
5. 800. 2020-12-14 02:11:23. RequestId: NSBOUNYUFZUTT564KYFKIVNBEM. Time: 0.042.
10. 800. 2020-12-14 02:11:23. RequestId: SZSSAKNGSWYCBBG4FZSA7NPKIU. Time: 0.055.
7. 800. 2020-12-14 02:11:23. RequestId: EDI4R5SRP67OC6YAGE4N5RNROU. Time: 0.046.
3. 900. 2020-12-14 02:11:28. RequestId: 64KOENHIJBOFD5XFBIOA5RDPYM. Time: 0.049.
6. 900. 2020-12-14 02:11:28. RequestId: CVKZ7MNN4NTXFTOUJTFUEMU3Y4. Time: 0.043.
4. 900. 2020-12-14 02:11:28. RequestId: 5Q3ZMPAAVLSNCXJ26QC6FGXIJU. Time: 0.045.
1. 900. 2020-12-14 02:11:28. RequestId: 6AWS2HN6N3EQ77NFQ3OBF3NWJU. Time: 0.045.
8. 900. 2020-12-14 02:11:28. RequestId: 3XY3TRQSBO7ERHDPYC2XFICILQ. Time: 0.055.
10. 900. 2020-12-14 02:11:28. RequestId: CZLA6PP3L2TJFSUEOKPOOFWINU. Time: 0.049.
9. 900. 2020-12-14 02:11:28. RequestId: KUKOMN5ST6RDERMA367HSOEGL4. Time: 0.048.
2. 900. 2020-12-14 02:11:28. RequestId: N4QBEWWSKIHBAE7EDA76AEEYSQ. Time: 0.097.
./run.sh: line 55: 38204 Killed                  sudo pkill -9 -f python
./run.sh: line 56: 37791 Killed                  python ingest.py --database-name TestDB1 --table-name BatchTbl1 --endpoint us-west-2 -b 21 -g True
./run.sh: line 60: 38236 Killed                  sudo pkill -9 -f python
./run.sh: line 61: 38208 Killed                  python ingest.py --database-name TestDB1 --table-name BatchTbl1 --endpoint us-west-2 -b 100 -g True
